<?xml version="1.0" encoding="UTF-8"?>
<!-- Generated by org.testng.reporters.JUnitXMLReporter -->
<testsuite ignored="0" hostname="LTIN333384" failures="0" tests="8" name="Chrome Test" time="46.068" errors="0" timestamp="2024-02-14T10:30:09 IST">
  <testcase classname="testPack.HeaderTest" name="company" time="0.728"/>
  <testcase classname="testPack.HeaderTest" name="serviceLines" time="4.338"/>
  <testcase classname="testPack.HeaderTest" name="salesResources" time="1.373"/>
  <testcase classname="testPack.HeaderTest" name="marketsAndCountries" time="7.844"/>
  <testcase classname="testPack.HeaderTest" name="corporateFunctions" time="7.307"/>
  <testcase classname="testPack.HeaderTest" name="people" time="4.202"/>
  <testcase classname="testPack.HeaderTest" name="userValidation" time="1.208"/>
  <testcase classname="testPack.HeaderTest" name="ethicsAndCompilance" time="4.512"/>
</testsuite> <!-- Chrome Test -->
