<?xml version="1.0" encoding="UTF-8"?>
<!-- Generated by org.testng.reporters.JUnitXMLReporter -->
<testsuite ignored="0" hostname="LTIN333384" failures="0" tests="8" name="Edge Test" time="48.222" errors="0" timestamp="2024-02-14T10:29:23 IST">
  <testcase classname="testPack.HeaderTest" name="company" time="1.934"/>
  <testcase classname="testPack.HeaderTest" name="serviceLines" time="4.635"/>
  <testcase classname="testPack.HeaderTest" name="salesResources" time="1.384"/>
  <testcase classname="testPack.HeaderTest" name="marketsAndCountries" time="8.07"/>
  <testcase classname="testPack.HeaderTest" name="corporateFunctions" time="7.426"/>
  <testcase classname="testPack.HeaderTest" name="people" time="4.266"/>
  <testcase classname="testPack.HeaderTest" name="userValidation" time="2.104"/>
  <testcase classname="testPack.HeaderTest" name="ethicsAndCompilance" time="4.584"/>
</testsuite> <!-- Edge Test -->
